Release 14.7 - xst P.20131013 (nt64)
Copyright (c) 1995-2013 Xilinx, Inc.  All rights reserved.
--> Parameter TMPDIR set to xst/projnav.tmp


Total REAL time to Xst completion: 0.00 secs
Total CPU time to Xst completion: 0.16 secs
 
--> Parameter xsthdpdir set to xst


Total REAL time to Xst completion: 0.00 secs
Total CPU time to Xst completion: 0.16 secs
 
--> Reading design: module_fir.prj

TABLE OF CONTENTS
  1) Synthesis Options Summary
  2) HDL Compilation
  3) Design Hierarchy Analysis
  4) HDL Analysis
  5) HDL Synthesis
     5.1) HDL Synthesis Report
  6) Advanced HDL Synthesis
     6.1) Advanced HDL Synthesis Report
  7) Low Level Synthesis
  8) Partition Report
  9) Final Report
	9.1) Device utilization summary
	9.2) Partition Resource Summary
	9.3) TIMING REPORT


=========================================================================
*                      Synthesis Options Summary                        *
=========================================================================
---- Source Parameters
Input File Name                    : "module_fir.prj"
Input Format                       : mixed
Ignore Synthesis Constraint File   : NO

---- Target Parameters
Output File Name                   : "module_fir"
Output Format                      : NGC
Target Device                      : xc3s500e-4-fg320

---- Source Options
Top Module Name                    : module_fir
Automatic FSM Extraction           : YES
FSM Encoding Algorithm             : Auto
Safe Implementation                : No
FSM Style                          : LUT
RAM Extraction                     : Yes
RAM Style                          : Auto
ROM Extraction                     : Yes
Mux Style                          : Auto
Decoder Extraction                 : YES
Priority Encoder Extraction        : Yes
Shift Register Extraction          : YES
Logical Shifter Extraction         : YES
XOR Collapsing                     : YES
ROM Style                          : Auto
Mux Extraction                     : Yes
Resource Sharing                   : YES
Asynchronous To Synchronous        : NO
Multiplier Style                   : Auto
Automatic Register Balancing       : No

---- Target Options
Add IO Buffers                     : YES
Global Maximum Fanout              : 100000
Add Generic Clock Buffer(BUFG)     : 24
Register Duplication               : YES
Slice Packing                      : YES
Optimize Instantiated Primitives   : NO
Use Clock Enable                   : Yes
Use Synchronous Set                : Yes
Use Synchronous Reset              : Yes
Pack IO Registers into IOBs        : Auto
Equivalent register Removal        : YES

---- General Options
Optimization Goal                  : Speed
Optimization Effort                : 1
Keep Hierarchy                     : No
Netlist Hierarchy                  : As_Optimized
RTL Output                         : Yes
Global Optimization                : AllClockNets
Read Cores                         : YES
Write Timing Constraints           : NO
Cross Clock Analysis               : NO
Hierarchy Separator                : /
Bus Delimiter                      : <>
Case Specifier                     : Maintain
Slice Utilization Ratio            : 100
BRAM Utilization Ratio             : 100
Verilog 2001                       : YES
Auto BRAM Packing                  : NO
Slice Utilization Ratio Delta      : 5

=========================================================================


=========================================================================
*                          HDL Compilation                              *
=========================================================================
Compiling verilog file "module_fir.v" in library work
Module <module_fir> compiled
No errors in compilation
Analysis of file <"module_fir.prj"> succeeded.
 

=========================================================================
*                     Design Hierarchy Analysis                         *
=========================================================================
Analyzing hierarchy for module <module_fir> in library <work> with parameters.
	data_len = "00000000000000000000000000001000"
	data_out_l = "00000000000000000000000000010000"
	order = "00000000000000000000000000000101"


=========================================================================
*                            HDL Analysis                               *
=========================================================================
Analyzing top module <module_fir>.
	data_len = 32'sb00000000000000000000000000001000
	data_out_l = 32'sb00000000000000000000000000010000
	order = 32'sb00000000000000000000000000000101
Module <module_fir> is correct for synthesis.
 

=========================================================================
*                           HDL Synthesis                               *
=========================================================================

Performing bidirectional port resolution...

Synthesizing Unit <module_fir>.
    Related source file is "module_fir.v".
WARNING:Xst:646 - Signal <x_shift_reg<5>> is assigned but never used. This unconnected signal will be trimmed during the optimization process.
WARNING:Xst:1781 - Signal <h> is used but never assigned. Tied to default value.
    Found 16-bit shifter logical right for signal <old_temp_res_1$shift0001> created at line 168.
    Found 16-bit shifter logical right for signal <old_temp_res_2$shift0001> created at line 168.
    Found 16-bit shifter logical right for signal <old_temp_res_3$shift0001> created at line 168.
    Found 16-bit shifter logical right for signal <old_temp_res_4$shift0001> created at line 168.
    Found 16-bit shifter logical right for signal <old_temp_res_5$shift0001> created at line 168.
    Found 16-bit register for signal <temp_res>.
    Found 16-bit adder for signal <temp_res$add0000> created at line 168.
    Found 16-bit shifter logical right for signal <temp_res$shift0001> created at line 168.
    Found 40-bit register for signal <x_shift_reg<0:4>>.
    Summary:
	inferred  56 D-type flip-flop(s).
	inferred   6 Adder/Subtractor(s).
	inferred   6 Combinational logic shifter(s).
Unit <module_fir> synthesized.


=========================================================================
HDL Synthesis Report

Macro Statistics
# Adders/Subtractors                                   : 6
 16-bit adder                                          : 6
# Registers                                            : 6
 16-bit register                                       : 1
 8-bit register                                        : 5
# Logic shifters                                       : 6
 16-bit shifter logical right                          : 6

=========================================================================

=========================================================================
*                       Advanced HDL Synthesis                          *
=========================================================================


=========================================================================
Advanced HDL Synthesis Report

Macro Statistics
# Adders/Subtractors                                   : 6
 16-bit adder                                          : 6
# Registers                                            : 56
 Flip-Flops                                            : 56
# Logic shifters                                       : 6
 16-bit shifter logical right                          : 6

=========================================================================

=========================================================================
*                         Low Level Synthesis                           *
=========================================================================
WARNING:Xst:1898 - Due to constant pushing, FF/Latch <x_shift_reg_4_4> is unconnected in block <module_fir>.
WARNING:Xst:2677 - Node <x_shift_reg_0_0> of sequential type is unconnected in block <module_fir>.
WARNING:Xst:2677 - Node <x_shift_reg_1_0> of sequential type is unconnected in block <module_fir>.
WARNING:Xst:2677 - Node <x_shift_reg_1_1> of sequential type is unconnected in block <module_fir>.
WARNING:Xst:2677 - Node <x_shift_reg_2_0> of sequential type is unconnected in block <module_fir>.
WARNING:Xst:2677 - Node <x_shift_reg_2_1> of sequential type is unconnected in block <module_fir>.
WARNING:Xst:2677 - Node <x_shift_reg_2_2> of sequential type is unconnected in block <module_fir>.
WARNING:Xst:2677 - Node <x_shift_reg_3_0> of sequential type is unconnected in block <module_fir>.
WARNING:Xst:2677 - Node <x_shift_reg_3_1> of sequential type is unconnected in block <module_fir>.
WARNING:Xst:2677 - Node <x_shift_reg_3_2> of sequential type is unconnected in block <module_fir>.
WARNING:Xst:2677 - Node <x_shift_reg_3_3> of sequential type is unconnected in block <module_fir>.
WARNING:Xst:2677 - Node <x_shift_reg_4_0> of sequential type is unconnected in block <module_fir>.
WARNING:Xst:2677 - Node <x_shift_reg_4_1> of sequential type is unconnected in block <module_fir>.
WARNING:Xst:2677 - Node <x_shift_reg_4_2> of sequential type is unconnected in block <module_fir>.
WARNING:Xst:2677 - Node <x_shift_reg_4_3> of sequential type is unconnected in block <module_fir>.

Optimizing unit <module_fir> ...

Mapping all equations...
Building and optimizing final netlist ...
Found area constraint ratio of 100 (+ 5) on block module_fir, actual ratio is 0.

Final Macro Processing ...

=========================================================================
Final Register Report

Macro Statistics
# Registers                                            : 41
 Flip-Flops                                            : 41

=========================================================================

=========================================================================
*                           Partition Report                            *
=========================================================================

Partition Implementation Status
-------------------------------

  No Partitions were found in this design.

-------------------------------

=========================================================================
*                            Final Report                               *
=========================================================================
Final Results
RTL Top Level Output File Name     : module_fir.ngr
Top Level Output File Name         : module_fir
Output Format                      : NGC
Optimization Goal                  : Speed
Keep Hierarchy                     : No

Design Statistics
# IOs                              : 26

Cell Usage :
# BELS                             : 163
#      GND                         : 1
#      INV                         : 1
#      LUT1                        : 25
#      LUT2                        : 3
#      LUT3                        : 23
#      LUT4                        : 17
#      MUXCY                       : 45
#      XORCY                       : 48
# FlipFlops/Latches                : 41
#      FDC_1                       : 25
#      FDE_1                       : 16
# Clock Buffers                    : 1
#      BUFGP                       : 1
# IO Buffers                       : 25
#      IBUF                        : 9
#      OBUF                        : 16
=========================================================================

Device utilization summary:
---------------------------

Selected Device : 3s500efg320-4 

 Number of Slices:                       40  out of   4656     0%  
 Number of Slice Flip Flops:             41  out of   9312     0%  
 Number of 4 input LUTs:                 69  out of   9312     0%  
 Number of IOs:                          26
 Number of bonded IOBs:                  26  out of    232    11%  
 Number of GCLKs:                         1  out of     24     4%  

---------------------------
Partition Resource Summary:
---------------------------

  No Partitions were found in this design.

---------------------------


=========================================================================
TIMING REPORT

NOTE: THESE TIMING NUMBERS ARE ONLY A SYNTHESIS ESTIMATE.
      FOR ACCURATE TIMING INFORMATION PLEASE REFER TO THE TRACE REPORT
      GENERATED AFTER PLACE-and-ROUTE.

Clock Information:
------------------
-----------------------------------+------------------------+-------+
Clock Signal                       | Clock buffer(FF name)  | Load  |
-----------------------------------+------------------------+-------+
clk                                | BUFGP                  | 41    |
-----------------------------------+------------------------+-------+

Asynchronous Control Signals Information:
----------------------------------------
-----------------------------------+------------------------+-------+
Control Signal                     | Buffer(FF name)        | Load  |
-----------------------------------+------------------------+-------+
rst                                | IBUF                   | 25    |
-----------------------------------+------------------------+-------+

Timing Summary:
---------------
Speed Grade: -4

   Minimum period: 10.669ns (Maximum Frequency: 93.729MHz)
   Minimum input arrival time before clock: 11.392ns
   Maximum output required time after clock: 4.394ns
   Maximum combinational path delay: No path found

Timing Detail:
--------------
All values displayed in nanoseconds (ns)

=========================================================================
Timing constraint: Default period analysis for Clock 'clk'
  Clock period: 10.669ns (frequency: 93.729MHz)
  Total number of paths / destination ports: 31554 / 34
-------------------------------------------------------------------------
Delay:               10.669ns (Levels of Logic = 19)
  Source:            x_shift_reg_0_2 (FF)
  Destination:       temp_res_15 (FF)
  Source Clock:      clk falling
  Destination Clock: clk falling

  Data Path: x_shift_reg_0_2 to temp_res_15
                                Gate     Net
    Cell:in->out      fanout   Delay   Delay  Logical Name (Net Name)
    ----------------------------------------  ------------
     FDC_1:C->Q            3   0.591   0.610  x_shift_reg_0_2 (x_shift_reg_0_2)
     LUT3:I1->O            1   0.704   0.424  Madd__old_temp_res_2C1 (Madd__old_temp_res_2C)
     LUT4:I3->O            1   0.704   0.000  Madd__old_temp_res_2_Madd_lut<2> (Madd__old_temp_res_2_Madd_lut<2>)
     MUXCY:S->O            1   0.464   0.000  Madd__old_temp_res_2_Madd_cy<2> (Madd__old_temp_res_2_Madd_cy<2>)
     MUXCY:CI->O           1   0.059   0.000  Madd__old_temp_res_2_Madd_cy<3> (Madd__old_temp_res_2_Madd_cy<3>)
     XORCY:CI->O           3   0.804   0.566  Madd__old_temp_res_2_Madd_xor<4> (_old_temp_res_2<4>)
     LUT3:I2->O            0   0.704   0.000  Madd__old_temp_res_4C31 (Madd__old_temp_res_4C3)
     MUXCY:DI->O           1   0.888   0.000  Madd__old_temp_res_4_Madd_cy<5> (Madd__old_temp_res_4_Madd_cy<5>)
     MUXCY:CI->O           1   0.059   0.000  Madd__old_temp_res_4_Madd_cy<6> (Madd__old_temp_res_4_Madd_cy<6>)
     MUXCY:CI->O           1   0.059   0.000  Madd__old_temp_res_4_Madd_cy<7> (Madd__old_temp_res_4_Madd_cy<7>)
     MUXCY:CI->O           1   0.059   0.000  Madd__old_temp_res_4_Madd_cy<8> (Madd__old_temp_res_4_Madd_cy<8>)
     MUXCY:CI->O           1   0.059   0.000  Madd__old_temp_res_4_Madd_cy<9> (Madd__old_temp_res_4_Madd_cy<9>)
     MUXCY:CI->O           1   0.059   0.000  Madd__old_temp_res_4_Madd_cy<10> (Madd__old_temp_res_4_Madd_cy<10>)
     MUXCY:CI->O           1   0.059   0.000  Madd__old_temp_res_4_Madd_cy<11> (Madd__old_temp_res_4_Madd_cy<11>)
     MUXCY:CI->O           1   0.059   0.000  Madd__old_temp_res_4_Madd_cy<12> (Madd__old_temp_res_4_Madd_cy<12>)
     MUXCY:CI->O           1   0.059   0.000  Madd__old_temp_res_4_Madd_cy<13> (Madd__old_temp_res_4_Madd_cy<13>)
     XORCY:CI->O           1   0.804   0.595  Madd__old_temp_res_4_Madd_xor<14> (Madd_temp_res_add0000R13)
     LUT1:I0->O            1   0.704   0.000  Madd_temp_res_add0000_Madd_cy<14>_rt (Madd_temp_res_add0000_Madd_cy<14>_rt)
     MUXCY:S->O            0   0.464   0.000  Madd_temp_res_add0000_Madd_cy<14> (Madd_temp_res_add0000_Madd_cy<14>)
     XORCY:CI->O           1   0.804   0.000  Madd_temp_res_add0000_Madd_xor<15> (temp_res_add0000<15>)
     FDE_1:D                   0.308          temp_res_15
    ----------------------------------------
    Total                     10.669ns (8.474ns logic, 2.195ns route)
                                       (79.4% logic, 20.6% route)

=========================================================================
Timing constraint: Default OFFSET IN BEFORE for Clock 'clk'
  Total number of paths / destination ports: 14796 / 39
-------------------------------------------------------------------------
Offset:              11.392ns (Levels of Logic = 20)
  Source:            x<1> (PAD)
  Destination:       temp_res_15 (FF)
  Destination Clock: clk falling

  Data Path: x<1> to temp_res_15
                                Gate     Net
    Cell:in->out      fanout   Delay   Delay  Logical Name (Net Name)
    ----------------------------------------  ------------
     IBUF:I->O             3   1.218   0.706  x_1_IBUF (Sh33)
     LUT3:I0->O            1   0.704   0.424  Madd__old_temp_res_2C1 (Madd__old_temp_res_2C)
     LUT4:I3->O            1   0.704   0.000  Madd__old_temp_res_2_Madd_lut<2> (Madd__old_temp_res_2_Madd_lut<2>)
     MUXCY:S->O            1   0.464   0.000  Madd__old_temp_res_2_Madd_cy<2> (Madd__old_temp_res_2_Madd_cy<2>)
     MUXCY:CI->O           1   0.059   0.000  Madd__old_temp_res_2_Madd_cy<3> (Madd__old_temp_res_2_Madd_cy<3>)
     XORCY:CI->O           3   0.804   0.566  Madd__old_temp_res_2_Madd_xor<4> (_old_temp_res_2<4>)
     LUT3:I2->O            0   0.704   0.000  Madd__old_temp_res_4C31 (Madd__old_temp_res_4C3)
     MUXCY:DI->O           1   0.888   0.000  Madd__old_temp_res_4_Madd_cy<5> (Madd__old_temp_res_4_Madd_cy<5>)
     MUXCY:CI->O           1   0.059   0.000  Madd__old_temp_res_4_Madd_cy<6> (Madd__old_temp_res_4_Madd_cy<6>)
     MUXCY:CI->O           1   0.059   0.000  Madd__old_temp_res_4_Madd_cy<7> (Madd__old_temp_res_4_Madd_cy<7>)
     MUXCY:CI->O           1   0.059   0.000  Madd__old_temp_res_4_Madd_cy<8> (Madd__old_temp_res_4_Madd_cy<8>)
     MUXCY:CI->O           1   0.059   0.000  Madd__old_temp_res_4_Madd_cy<9> (Madd__old_temp_res_4_Madd_cy<9>)
     MUXCY:CI->O           1   0.059   0.000  Madd__old_temp_res_4_Madd_cy<10> (Madd__old_temp_res_4_Madd_cy<10>)
     MUXCY:CI->O           1   0.059   0.000  Madd__old_temp_res_4_Madd_cy<11> (Madd__old_temp_res_4_Madd_cy<11>)
     MUXCY:CI->O           1   0.059   0.000  Madd__old_temp_res_4_Madd_cy<12> (Madd__old_temp_res_4_Madd_cy<12>)
     MUXCY:CI->O           1   0.059   0.000  Madd__old_temp_res_4_Madd_cy<13> (Madd__old_temp_res_4_Madd_cy<13>)
     XORCY:CI->O           1   0.804   0.595  Madd__old_temp_res_4_Madd_xor<14> (Madd_temp_res_add0000R13)
     LUT1:I0->O            1   0.704   0.000  Madd_temp_res_add0000_Madd_cy<14>_rt (Madd_temp_res_add0000_Madd_cy<14>_rt)
     MUXCY:S->O            0   0.464   0.000  Madd_temp_res_add0000_Madd_cy<14> (Madd_temp_res_add0000_Madd_cy<14>)
     XORCY:CI->O           1   0.804   0.000  Madd_temp_res_add0000_Madd_xor<15> (temp_res_add0000<15>)
     FDE_1:D                   0.308          temp_res_15
    ----------------------------------------
    Total                     11.392ns (9.101ns logic, 2.291ns route)
                                       (79.9% logic, 20.1% route)

=========================================================================
Timing constraint: Default OFFSET OUT AFTER for Clock 'clk'
  Total number of paths / destination ports: 16 / 16
-------------------------------------------------------------------------
Offset:              4.394ns (Levels of Logic = 1)
  Source:            temp_res_7 (FF)
  Destination:       dataout<7> (PAD)
  Source Clock:      clk falling

  Data Path: temp_res_7 to dataout<7>
                                Gate     Net
    Cell:in->out      fanout   Delay   Delay  Logical Name (Net Name)
    ----------------------------------------  ------------
     FDE_1:C->Q            3   0.591   0.531  temp_res_7 (temp_res_7)
     OBUF:I->O                 3.272          dataout_7_OBUF (dataout<7>)
    ----------------------------------------
    Total                      4.394ns (3.863ns logic, 0.531ns route)
                                       (87.9% logic, 12.1% route)

=========================================================================


Total REAL time to Xst completion: 5.00 secs
Total CPU time to Xst completion: 5.58 secs
 
--> 

Total memory usage is 339976 kilobytes

Number of errors   :    0 (   0 filtered)
Number of warnings :   17 (   0 filtered)
Number of infos    :    0 (   0 filtered)

